C:\Users\User\Source\Repos\stefkonoisyboy\SocialMediaForStudents\Web\StudentsSocialMedia.Web\Client\dist\out-tsc\e2e\src\app.po.js
C:\Users\User\Source\Repos\stefkonoisyboy\SocialMediaForStudents\Web\StudentsSocialMedia.Web\Client\dist\out-tsc\e2e\src\app.po.js.map
C:\Users\User\Source\Repos\stefkonoisyboy\SocialMediaForStudents\Web\StudentsSocialMedia.Web\Client\dist\out-tsc\e2e\src\app.e2e-spec.js
C:\Users\User\Source\Repos\stefkonoisyboy\SocialMediaForStudents\Web\StudentsSocialMedia.Web\Client\dist\out-tsc\e2e\src\app.e2e-spec.js.map
C:\Users\User\Source\Repos\stefkonoisyboy\SocialMediaForStudents\Web\StudentsSocialMedia.Web\Client\dist\out-tsc\src\app\home\home.component.js
C:\Users\User\Source\Repos\stefkonoisyboy\SocialMediaForStudents\Web\StudentsSocialMedia.Web\Client\dist\out-tsc\src\app\home\home.component.js.map
C:\Users\User\Source\Repos\stefkonoisyboy\SocialMediaForStudents\Web\StudentsSocialMedia.Web\Client\dist\out-tsc\src\app\app-routing.module.js
C:\Users\User\Source\Repos\stefkonoisyboy\SocialMediaForStudents\Web\StudentsSocialMedia.Web\Client\dist\out-tsc\src\app\app-routing.module.js.map
C:\Users\User\Source\Repos\stefkonoisyboy\SocialMediaForStudents\Web\StudentsSocialMedia.Web\Client\dist\out-tsc\src\app\common\global-constants.js
C:\Users\User\Source\Repos\stefkonoisyboy\SocialMediaForStudents\Web\StudentsSocialMedia.Web\Client\dist\out-tsc\src\app\common\global-constants.js.map
C:\Users\User\Source\Repos\stefkonoisyboy\SocialMediaForStudents\Web\StudentsSocialMedia.Web\Client\dist\out-tsc\src\app\shared\models\user.js
C:\Users\User\Source\Repos\stefkonoisyboy\SocialMediaForStudents\Web\StudentsSocialMedia.Web\Client\dist\out-tsc\src\app\shared\models\user.js.map
C:\Users\User\Source\Repos\stefkonoisyboy\SocialMediaForStudents\Web\StudentsSocialMedia.Web\Client\dist\out-tsc\src\app\core\services\auth.service.js
C:\Users\User\Source\Repos\stefkonoisyboy\SocialMediaForStudents\Web\StudentsSocialMedia.Web\Client\dist\out-tsc\src\app\core\services\auth.service.js.map
C:\Users\User\Source\Repos\stefkonoisyboy\SocialMediaForStudents\Web\StudentsSocialMedia.Web\Client\dist\out-tsc\src\app\app.component.js
C:\Users\User\Source\Repos\stefkonoisyboy\SocialMediaForStudents\Web\StudentsSocialMedia.Web\Client\dist\out-tsc\src\app\app.component.js.map
C:\Users\User\Source\Repos\stefkonoisyboy\SocialMediaForStudents\Web\StudentsSocialMedia.Web\Client\dist\out-tsc\src\app\shared\footer\footer.component.js
C:\Users\User\Source\Repos\stefkonoisyboy\SocialMediaForStudents\Web\StudentsSocialMedia.Web\Client\dist\out-tsc\src\app\shared\footer\footer.component.js.map
C:\Users\User\Source\Repos\stefkonoisyboy\SocialMediaForStudents\Web\StudentsSocialMedia.Web\Client\dist\out-tsc\src\app\shared\nav-bar\nav-bar.component.js
C:\Users\User\Source\Repos\stefkonoisyboy\SocialMediaForStudents\Web\StudentsSocialMedia.Web\Client\dist\out-tsc\src\app\shared\nav-bar\nav-bar.component.js.map
C:\Users\User\Source\Repos\stefkonoisyboy\SocialMediaForStudents\Web\StudentsSocialMedia.Web\Client\dist\out-tsc\src\app\core\interceptors\jwt.interceptor.js
C:\Users\User\Source\Repos\stefkonoisyboy\SocialMediaForStudents\Web\StudentsSocialMedia.Web\Client\dist\out-tsc\src\app\core\interceptors\jwt.interceptor.js.map
C:\Users\User\Source\Repos\stefkonoisyboy\SocialMediaForStudents\Web\StudentsSocialMedia.Web\Client\dist\out-tsc\src\environments\environment.js
C:\Users\User\Source\Repos\stefkonoisyboy\SocialMediaForStudents\Web\StudentsSocialMedia.Web\Client\dist\out-tsc\src\environments\environment.js.map
C:\Users\User\Source\Repos\stefkonoisyboy\SocialMediaForStudents\Web\StudentsSocialMedia.Web\Client\dist\out-tsc\src\app\core\interceptors\base-url.interceptor.js
C:\Users\User\Source\Repos\stefkonoisyboy\SocialMediaForStudents\Web\StudentsSocialMedia.Web\Client\dist\out-tsc\src\app\core\interceptors\base-url.interceptor.js.map
C:\Users\User\Source\Repos\stefkonoisyboy\SocialMediaForStudents\Web\StudentsSocialMedia.Web\Client\dist\out-tsc\src\app\app.module.js
C:\Users\User\Source\Repos\stefkonoisyboy\SocialMediaForStudents\Web\StudentsSocialMedia.Web\Client\dist\out-tsc\src\app\app.module.js.map
C:\Users\User\Source\Repos\stefkonoisyboy\SocialMediaForStudents\Web\StudentsSocialMedia.Web\Client\dist\out-tsc\src\main.js
C:\Users\User\Source\Repos\stefkonoisyboy\SocialMediaForStudents\Web\StudentsSocialMedia.Web\Client\dist\out-tsc\src\main.js.map
C:\Users\User\Source\Repos\stefkonoisyboy\SocialMediaForStudents\Web\StudentsSocialMedia.Web\Client\dist\out-tsc\src\polyfills.js
C:\Users\User\Source\Repos\stefkonoisyboy\SocialMediaForStudents\Web\StudentsSocialMedia.Web\Client\dist\out-tsc\src\polyfills.js.map
C:\Users\User\Source\Repos\stefkonoisyboy\SocialMediaForStudents\Web\StudentsSocialMedia.Web\Client\dist\out-tsc\src\test.js
C:\Users\User\Source\Repos\stefkonoisyboy\SocialMediaForStudents\Web\StudentsSocialMedia.Web\Client\dist\out-tsc\src\test.js.map
C:\Users\User\Source\Repos\stefkonoisyboy\SocialMediaForStudents\Web\StudentsSocialMedia.Web\Client\dist\out-tsc\src\app\app.component.spec.js
C:\Users\User\Source\Repos\stefkonoisyboy\SocialMediaForStudents\Web\StudentsSocialMedia.Web\Client\dist\out-tsc\src\app\app.component.spec.js.map
C:\Users\User\Source\Repos\stefkonoisyboy\SocialMediaForStudents\Web\StudentsSocialMedia.Web\Client\dist\out-tsc\src\app\common\confirmed.validator.js
C:\Users\User\Source\Repos\stefkonoisyboy\SocialMediaForStudents\Web\StudentsSocialMedia.Web\Client\dist\out-tsc\src\app\common\confirmed.validator.js.map
C:\Users\User\Source\Repos\stefkonoisyboy\SocialMediaForStudents\Web\StudentsSocialMedia.Web\Client\dist\out-tsc\src\app\common\model-constants.js
C:\Users\User\Source\Repos\stefkonoisyboy\SocialMediaForStudents\Web\StudentsSocialMedia.Web\Client\dist\out-tsc\src\app\common\model-constants.js.map
C:\Users\User\Source\Repos\stefkonoisyboy\SocialMediaForStudents\Web\StudentsSocialMedia.Web\Client\dist\out-tsc\src\app\common\paginator.js
C:\Users\User\Source\Repos\stefkonoisyboy\SocialMediaForStudents\Web\StudentsSocialMedia.Web\Client\dist\out-tsc\src\app\common\paginator.js.map
C:\Users\User\Source\Repos\stefkonoisyboy\SocialMediaForStudents\Web\StudentsSocialMedia.Web\Client\dist\out-tsc\src\app\core\guards\auth.guard.ts.js
C:\Users\User\Source\Repos\stefkonoisyboy\SocialMediaForStudents\Web\StudentsSocialMedia.Web\Client\dist\out-tsc\src\app\core\guards\auth.guard.ts.js.map
C:\Users\User\Source\Repos\stefkonoisyboy\SocialMediaForStudents\Web\StudentsSocialMedia.Web\Client\dist\out-tsc\src\app\core\services\auth.service.spec.js
C:\Users\User\Source\Repos\stefkonoisyboy\SocialMediaForStudents\Web\StudentsSocialMedia.Web\Client\dist\out-tsc\src\app\core\services\auth.service.spec.js.map
C:\Users\User\Source\Repos\stefkonoisyboy\SocialMediaForStudents\Web\StudentsSocialMedia.Web\Client\dist\out-tsc\src\app\home\home.component.spec.js
C:\Users\User\Source\Repos\stefkonoisyboy\SocialMediaForStudents\Web\StudentsSocialMedia.Web\Client\dist\out-tsc\src\app\home\home.component.spec.js.map
C:\Users\User\Source\Repos\stefkonoisyboy\SocialMediaForStudents\Web\StudentsSocialMedia.Web\Client\dist\out-tsc\src\app\shared\footer\footer.component.spec.js
C:\Users\User\Source\Repos\stefkonoisyboy\SocialMediaForStudents\Web\StudentsSocialMedia.Web\Client\dist\out-tsc\src\app\shared\footer\footer.component.spec.js.map
C:\Users\User\Source\Repos\stefkonoisyboy\SocialMediaForStudents\Web\StudentsSocialMedia.Web\Client\dist\out-tsc\src\app\shared\nav-bar\nav-bar.component.spec.js
C:\Users\User\Source\Repos\stefkonoisyboy\SocialMediaForStudents\Web\StudentsSocialMedia.Web\Client\dist\out-tsc\src\app\shared\nav-bar\nav-bar.component.spec.js.map
C:\Users\User\Source\Repos\stefkonoisyboy\SocialMediaForStudents\Web\StudentsSocialMedia.Web\Client\dist\out-tsc\src\environments\environment.prod.js
C:\Users\User\Source\Repos\stefkonoisyboy\SocialMediaForStudents\Web\StudentsSocialMedia.Web\Client\dist\out-tsc\src\environments\environment.prod.js.map
